<?xml version="1.0" encoding="UTF-8"?>
<testng-results skipped="0" failed="0" ignored="0" total="2" passed="2">
  <reporter-output>
  </reporter-output>
  <suite name="Default suite" duration-ms="11937" started-at="2020-10-09T10:33:21Z" finished-at="2020-10-09T10:33:33Z">
    <groups>
      <group name="cucumber">
        <method signature="TestRunner.feature(cucumber.api.testng.CucumberFeatureWrapper)[pri:0, instance:runner.TestRunner@31a5c39e]" name="feature" class="runner.TestRunner"/>
      </group> <!-- cucumber -->
    </groups>
    <test name="Default test" duration-ms="11937" started-at="2020-10-09T10:33:21Z" finished-at="2020-10-09T10:33:33Z">
      <class name="runner.TestRunner">
        <test-method status="PASS" signature="setUpClass()[pri:0, instance:runner.TestRunner@31a5c39e]" name="setUpClass" is-config="true" duration-ms="177" started-at="2020-10-09T10:33:21Z" finished-at="2020-10-09T10:33:21Z">
          <reporter-output>
          </reporter-output>
        </test-method> <!-- setUpClass -->
        <test-method status="PASS" signature="feature(cucumber.api.testng.CucumberFeatureWrapper)[pri:0, instance:runner.TestRunner@31a5c39e]" name="feature" duration-ms="6620" started-at="2020-10-09T10:33:21Z" description="Runs Cucumber Feature" data-provider="features" finished-at="2020-10-09T10:33:28Z">
          <params>
            <param index="0">
              <value>
                <![CDATA[GET API for latest Foreign Exchange Rates]]>
              </value>
            </param>
          </params>
          <reporter-output>
          </reporter-output>
        </test-method> <!-- feature -->
        <test-method status="PASS" signature="feature(cucumber.api.testng.CucumberFeatureWrapper)[pri:0, instance:runner.TestRunner@31a5c39e]" name="feature" duration-ms="4826" started-at="2020-10-09T10:33:28Z" description="Runs Cucumber Feature" data-provider="features" finished-at="2020-10-09T10:33:33Z">
          <params>
            <param index="0">
              <value>
                <![CDATA[To get past/future dates conversion rates from Foreign Exchange Rates API]]>
              </value>
            </param>
          </params>
          <reporter-output>
          </reporter-output>
        </test-method> <!-- feature -->
        <test-method status="PASS" signature="tearDownClass()[pri:0, instance:runner.TestRunner@31a5c39e]" name="tearDownClass" is-config="true" duration-ms="243" started-at="2020-10-09T10:33:33Z" finished-at="2020-10-09T10:33:33Z">
          <reporter-output>
          </reporter-output>
        </test-method> <!-- tearDownClass -->
      </class> <!-- runner.TestRunner -->
    </test> <!-- Default test -->
  </suite> <!-- Default suite -->
</testng-results>
